# JRE version: Java(TM) SE Runtime Environment (14.0.1+7) (build 14.0.1+7)
# Java VM: Java HotSpot(TM) 64-Bit Server VM (14.0.1+7, mixed mode, sharing, tiered, compressed oops, parallel gc, windows-amd64)
Heap:
 PSYoungGen      total 5120K, used 5102K [0x00000000eab00000, 0x00000000eb980000, 0x0000000100000000)
  eden space 4608K, 100% used [0x00000000eab00000,0x00000000eaf80000,0x00000000eaf80000)
  from space 512K, 96% used [0x00000000eb100000,0x00000000eb17bb30,0x00000000eb180000)
  to   space 5120K, 24% used [0x00000000eb480000,0x00000000eb5b3b00,0x00000000eb980000)
 ParOldGen       total 210944K, used 177759K [0x00000000c0000000, 0x00000000cce00000, 0x00000000eab00000)
  object space 210944K, 84% used [0x00000000c0000000,0x00000000cad97d28,0x00000000cce00000)
 Metaspace       used 80799K, capacity 84441K, committed 84556K, reserved 1124352K
  class space    used 7809K, capacity 9199K, committed 9292K, reserved 1048576K
GC Heap History (20 events):
Event: 2490.231 GC heap after
{Heap after GC invocations=3939 (full 89):
 PSYoungGen      total 5120K, used 352K [0x00000000eab00000, 0x00000000eb200000, 0x0000000100000000)
  eden space 4608K, 0% used [0x00000000eab00000,0x00000000eab00000,0x00000000eaf80000)
  from space 512K, 68% used [0x00000000eb180000,0x00000000eb1d8000,0x00000000eb200000)
  to   space 512K, 0% used [0x00000000eb100000,0x00000000eb100000,0x00000000eb180000)
 ParOldGen       total 210944K, used 165130K [0x00000000c0000000, 0x00000000cce00000, 0x00000000eab00000)
  object space 210944K, 78% used [0x00000000c0000000,0x00000000ca1429b0,0x00000000cce00000)
 Metaspace       used 80765K, capacity 84441K, committed 84556K, reserved 1124352K
  class space    used 7809K, capacity 9199K, committed 9292K, reserved 1048576K
}
Event: 2490.261 GC heap before
{Heap before GC invocations=3940 (full 89):
 PSYoungGen      total 5120K, used 4960K [0x00000000eab00000, 0x00000000eb200000, 0x0000000100000000)
  eden space 4608K, 100% used [0x00000000eab00000,0x00000000eaf80000,0x00000000eaf80000)
  from space 512K, 68% used [0x00000000eb180000,0x00000000eb1d8000,0x00000000eb200000)
  to   space 512K, 0% used [0x00000000eb100000,0x00000000eb100000,0x00000000eb180000)
 ParOldGen       total 210944K, used 165130K [0x00000000c0000000, 0x00000000cce00000, 0x00000000eab00000)
  object space 210944K, 78% used [0x00000000c0000000,0x00000000ca1429b0,0x00000000cce00000)
 Metaspace       used 80765K, capacity 84441K, committed 84556K, reserved 1124352K
  class space    used 7809K, capacity 9199K, committed 9292K, reserved 1048576K
}
Event: 2490.263 GC heap after
{Heap after GC invocations=3940 (full 89):
 PSYoungGen      total 5120K, used 384K [0x00000000eab00000, 0x00000000eb200000, 0x0000000100000000)
  eden space 4608K, 0% used [0x00000000eab00000,0x00000000eab00000,0x00000000eaf80000)
  from space 512K, 75% used [0x00000000eb100000,0x00000000eb160000,0x00000000eb180000)
  to   space 512K, 0% used [0x00000000eb180000,0x00000000eb180000,0x00000000eb200000)
 ParOldGen       total 210944K, used 165402K [0x00000000c0000000, 0x00000000cce00000, 0x00000000eab00000)
  object space 210944K, 78% used [0x00000000c0000000,0x00000000ca1869b0,0x00000000cce00000)
 Metaspace       used 80765K, capacity 84441K, committed 84556K, reserved 1124352K
  class space    used 7809K, capacity 9199K, committed 9292K, reserved 1048576K
}
Event: 2490.293 GC heap before
{Heap before GC invocations=3941 (full 89):
 PSYoungGen      total 5120K, used 4992K [0x00000000eab00000, 0x00000000eb200000, 0x0000000100000000)
  eden space 4608K, 100% used [0x00000000eab00000,0x00000000eaf80000,0x00000000eaf80000)
  from space 512K, 75% used [0x00000000eb100000,0x00000000eb160000,0x00000000eb180000)
  to   space 512K, 0% used [0x00000000eb180000,0x00000000eb180000,0x00000000eb200000)
 ParOldGen       total 210944K, used 165402K [0x00000000c0000000, 0x00000000cce00000, 0x00000000eab00000)
  object space 210944K, 78% used [0x00000000c0000000,0x00000000ca1869b0,0x00000000cce00000)
 Metaspace       used 80765K, capacity 84441K, committed 84556K, reserved 1124352K
  class space    used 7809K, capacity 9199K, committed 9292K, reserved 1048576K
}
Event: 2490.297 GC heap after
{Heap after GC invocations=3941 (full 89):
 PSYoungGen      total 5120K, used 288K [0x00000000eab00000, 0x00000000eb200000, 0x0000000100000000)
  eden space 4608K, 0% used [0x00000000eab00000,0x00000000eab00000,0x00000000eaf80000)
  from space 512K, 56% used [0x00000000eb180000,0x00000000eb1c8000,0x00000000eb200000)
  to   space 512K, 0% used [0x00000000eb100000,0x00000000eb100000,0x00000000eb180000)
 ParOldGen       total 210944K, used 166258K [0x00000000c0000000, 0x00000000cce00000, 0x00000000eab00000)
  object space 210944K, 78% used [0x00000000c0000000,0x00000000ca25c9c0,0x00000000cce00000)
 Metaspace       used 80765K, capacity 84441K, committed 84556K, reserved 1124352K
  class space    used 7809K, capacity 9199K, committed 9292K, reserved 1048576K
}
Event: 2490.315 GC heap before
{Heap before GC invocations=3942 (full 89):
 PSYoungGen      total 5120K, used 3702K [0x00000000eab00000, 0x00000000eb200000, 0x0000000100000000)
  eden space 4608K, 74% used [0x00000000eab00000,0x00000000eae55890,0x00000000eaf80000)
  from space 512K, 56% used [0x00000000eb180000,0x00000000eb1c8000,0x00000000eb200000)
  to   space 512K, 0% used [0x00000000eb100000,0x00000000eb100000,0x00000000eb180000)
 ParOldGen       total 210944K, used 168562K [0x00000000c0000000, 0x00000000cce00000, 0x00000000eab00000)
  object space 210944K, 79% used [0x00000000c0000000,0x00000000ca49c9d0,0x00000000cce00000)
 Metaspace       used 80765K, capacity 84441K, committed 84556K, reserved 1124352K
  class space    used 7809K, capacity 9199K, committed 9292K, reserved 1048576K
}
Event: 2490.318 GC heap after
{Heap after GC invocations=3942 (full 89):
 PSYoungGen      total 5120K, used 128K [0x00000000eab00000, 0x00000000eb200000, 0x0000000100000000)
  eden space 4608K, 0% used [0x00000000eab00000,0x00000000eab00000,0x00000000eaf80000)
  from space 512K, 25% used [0x00000000eb100000,0x00000000eb120000,0x00000000eb180000)
  to   space 512K, 0% used [0x00000000eb180000,0x00000000eb180000,0x00000000eb200000)
 ParOldGen       total 210944K, used 168810K [0x00000000c0000000, 0x00000000cce00000, 0x00000000eab00000)
  object space 210944K, 80% used [0x00000000c0000000,0x00000000ca4daad8,0x00000000cce00000)
 Metaspace       used 80765K, capacity 84441K, committed 84556K, reserved 1124352K
  class space    used 7809K, capacity 9199K, committed 9292K, reserved 1048576K
}
Event: 2491.059 GC heap before
{Heap before GC invocations=3943 (full 89):
 PSYoungGen      total 5120K, used 4726K [0x00000000eab00000, 0x00000000eb200000, 0x0000000100000000)
  eden space 4608K, 99% used [0x00000000eab00000,0x00000000eaf7d878,0x00000000eaf80000)
  from space 512K, 25% used [0x00000000eb100000,0x00000000eb120000,0x00000000eb180000)
  to   space 512K, 0% used [0x00000000eb180000,0x00000000eb180000,0x00000000eb200000)
 ParOldGen       total 210944K, used 168810K [0x00000000c0000000, 0x00000000cce00000, 0x00000000eab00000)
  object space 210944K, 80% used [0x00000000c0000000,0x00000000ca4daad8,0x00000000cce00000)
 Metaspace       used 80765K, capacity 84441K, committed 84556K, reserved 1124352K
  class space    used 7809K, capacity 9199K, committed 9292K, reserved 1048576K
}
Event: 2491.062 GC heap after
{Heap after GC invocations=3943 (full 89):
 PSYoungGen      total 5120K, used 160K [0x00000000eab00000, 0x00000000eb200000, 0x0000000100000000)
  eden space 4608K, 0% used [0x00000000eab00000,0x00000000eab00000,0x00000000eaf80000)
  from space 512K, 31% used [0x00000000eb180000,0x00000000eb1a8000,0x00000000eb200000)
  to   space 512K, 0% used [0x00000000eb100000,0x00000000eb100000,0x00000000eb180000)
 ParOldGen       total 210944K, used 170529K [0x00000000c0000000, 0x00000000cce00000, 0x00000000eab00000)
  object space 210944K, 80% used [0x00000000c0000000,0x00000000ca688478,0x00000000cce00000)
 Metaspace       used 80765K, capacity 84441K, committed 84556K, reserved 1124352K
  class space    used 7809K, capacity 9199K, committed 9292K, reserved 1048576K
}
Event: 2491.141 GC heap before
{Heap before GC invocations=3944 (full 89):
 PSYoungGen      total 5120K, used 4766K [0x00000000eab00000, 0x00000000eb200000, 0x0000000100000000)
  eden space 4608K, 99% used [0x00000000eab00000,0x00000000eaf7f930,0x00000000eaf80000)
  from space 512K, 31% used [0x00000000eb180000,0x00000000eb1a8000,0x00000000eb200000)
  to   space 512K, 0% used [0x00000000eb100000,0x00000000eb100000,0x00000000eb180000)
 ParOldGen       total 210944K, used 170529K [0x00000000c0000000, 0x00000000cce00000, 0x00000000eab00000)
  object space 210944K, 80% used [0x00000000c0000000,0x00000000ca688478,0x00000000cce00000)
 Metaspace       used 80765K, capacity 84441K, committed 84556K, reserved 1124352K
  class space    used 7809K, capacity 9199K, committed 9292K, reserved 1048576K
}
Event: 2491.146 GC heap after
{Heap after GC invocations=3944 (full 89):
 PSYoungGen      total 5120K, used 506K [0x00000000eab00000, 0x00000000eb380000, 0x0000000100000000)
  eden space 4608K, 0% used [0x00000000eab00000,0x00000000eab00000,0x00000000eaf80000)
  from space 512K, 98% used [0x00000000eb100000,0x00000000eb17e900,0x00000000eb180000)
  to   space 2048K, 0% used [0x00000000eb180000,0x00000000eb180000,0x00000000eb380000)
 ParOldGen       total 210944K, used 171373K [0x00000000c0000000, 0x00000000cce00000, 0x00000000eab00000)
  object space 210944K, 81% used [0x00000000c0000000,0x00000000ca75b4a8,0x00000000cce00000)
 Metaspace       used 80765K, capacity 84441K, committed 84556K, reserved 1124352K
  class space    used 7809K, capacity 9199K, committed 9292K, reserved 1048576K
}
Event: 2491.170 GC heap before
{Heap before GC invocations=3945 (full 89):
 PSYoungGen      total 5120K, used 5114K [0x00000000eab00000, 0x00000000eb380000, 0x0000000100000000)
  eden space 4608K, 100% used [0x00000000eab00000,0x00000000eaf80000,0x00000000eaf80000)
  from space 512K, 98% used [0x00000000eb100000,0x00000000eb17e900,0x00000000eb180000)
  to   space 2048K, 0% used [0x00000000eb180000,0x00000000eb180000,0x00000000eb380000)
 ParOldGen       total 210944K, used 171373K [0x00000000c0000000, 0x00000000cce00000, 0x00000000eab00000)
  object space 210944K, 81% used [0x00000000c0000000,0x00000000ca75b4a8,0x00000000cce00000)
 Metaspace       used 80770K, capacity 84441K, committed 84556K, reserved 1124352K
  class space    used 7809K, capacity 9199K, committed 9292K, reserved 1048576K
}
Event: 2491.174 GC heap after
{Heap after GC invocations=3945 (full 89):
 PSYoungGen      total 6144K, used 1268K [0x00000000eab00000, 0x00000000eb300000, 0x0000000100000000)
  eden space 4608K, 0% used [0x00000000eab00000,0x00000000eab00000,0x00000000eaf80000)
  from space 1536K, 82% used [0x00000000eb180000,0x00000000eb2bd200,0x00000000eb300000)
  to   space 1536K, 0% used [0x00000000eb000000,0x00000000eb000000,0x00000000eb180000)
 ParOldGen       total 210944K, used 171869K [0x00000000c0000000, 0x00000000cce00000, 0x00000000eab00000)
  object space 210944K, 81% used [0x00000000c0000000,0x00000000ca7d7668,0x00000000cce00000)
 Metaspace       used 80770K, capacity 84441K, committed 84556K, reserved 1124352K
  class space    used 7809K, capacity 9199K, committed 9292K, reserved 1048576K
}
Event: 2491.197 GC heap before
{Heap before GC invocations=3946 (full 89):
 PSYoungGen      total 6144K, used 5876K [0x00000000eab00000, 0x00000000eb300000, 0x0000000100000000)
  eden space 4608K, 100% used [0x00000000eab00000,0x00000000eaf80000,0x00000000eaf80000)
  from space 1536K, 82% used [0x00000000eb180000,0x00000000eb2bd200,0x00000000eb300000)
  to   space 1536K, 0% used [0x00000000eb000000,0x00000000eb000000,0x00000000eb180000)
 ParOldGen       total 210944K, used 171869K [0x00000000c0000000, 0x00000000cce00000, 0x00000000eab00000)
  object space 210944K, 81% used [0x00000000c0000000,0x00000000ca7d7668,0x00000000cce00000)
 Metaspace       used 80799K, capacity 84441K, committed 84556K, reserved 1124352K
  class space    used 7809K, capacity 9199K, committed 9292K, reserved 1048576K
}
Event: 2491.201 GC heap after
{Heap after GC invocations=3946 (full 89):
 PSYoungGen      total 6144K, used 1088K [0x00000000eab00000, 0x00000000eb280000, 0x0000000100000000)
  eden space 4608K, 0% used [0x00000000eab00000,0x00000000eab00000,0x00000000eaf80000)
  from space 1536K, 70% used [0x00000000eb000000,0x00000000eb1101c0,0x00000000eb180000)
  to   space 1024K, 0% used [0x00000000eb180000,0x00000000eb180000,0x00000000eb280000)
 ParOldGen       total 210944K, used 172585K [0x00000000c0000000, 0x00000000cce00000, 0x00000000eab00000)
  object space 210944K, 81% used [0x00000000c0000000,0x00000000ca88a578,0x00000000cce00000)
 Metaspace       used 80799K, capacity 84441K, committed 84556K, reserved 1124352K
  class space    used 7809K, capacity 9199K, committed 9292K, reserved 1048576K
}
Event: 2491.231 GC heap before
{Heap before GC invocations=3947 (full 89):
 PSYoungGen      total 6144K, used 5529K [0x00000000eab00000, 0x00000000eb280000, 0x0000000100000000)
  eden space 4608K, 96% used [0x00000000eab00000,0x00000000eaf564f0,0x00000000eaf80000)
  from space 1536K, 70% used [0x00000000eb000000,0x00000000eb1101c0,0x00000000eb180000)
  to   space 1024K, 0% used [0x00000000eb180000,0x00000000eb180000,0x00000000eb280000)
 ParOldGen       total 210944K, used 172585K [0x00000000c0000000, 0x00000000cce00000, 0x00000000eab00000)
  object space 210944K, 81% used [0x00000000c0000000,0x00000000ca88a578,0x00000000cce00000)
 Metaspace       used 80799K, capacity 84441K, committed 84556K, reserved 1124352K
  class space    used 7809K, capacity 9199K, committed 9292K, reserved 1048576K
}
Event: 2491.234 GC heap after
{Heap after GC invocations=3947 (full 89):
 PSYoungGen      total 5120K, used 128K [0x00000000eab00000, 0x00000000eb200000, 0x0000000100000000)
  eden space 4608K, 0% used [0x00000000eab00000,0x00000000eab00000,0x00000000eaf80000)
  from space 512K, 25% used [0x00000000eb180000,0x00000000eb1a0000,0x00000000eb200000)
  to   space 512K, 0% used [0x00000000eb100000,0x00000000eb100000,0x00000000eb180000)
 ParOldGen       total 210944K, used 173656K [0x00000000c0000000, 0x00000000cce00000, 0x00000000eab00000)
  object space 210944K, 82% used [0x00000000c0000000,0x00000000ca9961f8,0x00000000cce00000)
 Metaspace       used 80799K, capacity 84441K, committed 84556K, reserved 1124352K
  class space    used 7809K, capacity 9199K, committed 9292K, reserved 1048576K
}
Event: 2491.258 GC heap before
{Heap before GC invocations=3948 (full 89):
 PSYoungGen      total 5120K, used 4736K [0x00000000eab00000, 0x00000000eb200000, 0x0000000100000000)
  eden space 4608K, 100% used [0x00000000eab00000,0x00000000eaf80000,0x00000000eaf80000)
  from space 512K, 25% used [0x00000000eb180000,0x00000000eb1a0000,0x00000000eb200000)
  to   space 512K, 0% used [0x00000000eb100000,0x00000000eb100000,0x00000000eb180000)
 ParOldGen       total 210944K, used 173656K [0x00000000c0000000, 0x00000000cce00000, 0x00000000eab00000)
  object space 210944K, 82% used [0x00000000c0000000,0x00000000ca9961f8,0x00000000cce00000)
 Metaspace       used 80799K, capacity 84441K, committed 84556K, reserved 1124352K
  class space    used 7809K, capacity 9199K, committed 9292K, reserved 1048576K
}
Event: 2491.266 GC heap after
{Heap after GC invocations=3948 (full 89):
 PSYoungGen      total 5120K, used 494K [0x00000000eab00000, 0x00000000eb980000, 0x0000000100000000)
  eden space 4608K, 0% used [0x00000000eab00000,0x00000000eab00000,0x00000000eaf80000)
  from space 512K, 96% used [0x00000000eb100000,0x00000000eb17bb30,0x00000000eb180000)
  to   space 5120K, 0% used [0x00000000eb480000,0x00000000eb480000,0x00000000eb980000)
 ParOldGen       total 210944K, used 177240K [0x00000000c0000000, 0x00000000cce00000, 0x00000000eab00000)
  object space 210944K, 84% used [0x00000000c0000000,0x00000000cad161f8,0x00000000cce00000)
 Metaspace       used 80799K, capacity 84441K, committed 84556K, reserved 1124352K
  class space    used 7809K, capacity 9199K, committed 9292K, reserved 1048576K
}
Event: 2491.488 GC heap before
{Heap before GC invocations=3949 (full 89):
 PSYoungGen      total 5120K, used 5102K [0x00000000eab00000, 0x00000000eb980000, 0x0000000100000000)
  eden space 4608K, 100% used [0x00000000eab00000,0x00000000eaf80000,0x00000000eaf80000)
  from space 512K, 96% used [0x00000000eb100000,0x00000000eb17bb30,0x00000000eb180000)
  to   space 5120K, 0% used [0x00000000eb480000,0x00000000eb480000,0x00000000eb980000)
 ParOldGen       total 210944K, used 177240K [0x00000000c0000000, 0x00000000cce00000, 0x00000000eab00000)
  object space 210944K, 84% used [0x00000000c0000000,0x00000000cad161f8,0x00000000cce00000)
 Metaspace       used 80799K, capacity 84441K, committed 84556K, reserved 1124352K
  class space    used 7809K, capacity 9199K, committed 9292K, reserved 1048576K
}

